mkdir: cannot create directory ‘output/7iterVD1’: File exists
mkdir: cannot create directory ‘output/7iterVD2’: File exists
mkdir: cannot create directory ‘output/7iterVD3’: File exists
mkdir: cannot create directory ‘output/7iterVD4’: File exists
mkdir: cannot create directory ‘output/7iterVD5’: File exists
Iteration: 0
Iteration: 1
Iteration: 2
Iteration: 3
Iteration: 4
Iteration: 5
Iteration: 6
1.0 %
2.0 %
3.0 %
4.0 %
5.0 %
6.0 %
7.0 %
8.0 %
9.0 %
10.0 %
11.0 %
12.0 %
13.0 %
14.0 %
15.0 %
16.0 %
17.0 %
18.0 %
19.0 %
20.0 %
21.0 %
22.0 %
23.0 %
24.0 %
25.0 %
26.0 %
27.0 %
28.0 %
29.0 %
30.0 %
31.0 %
32.0 %
33.0 %
34.0 %
35.0 %
36.0 %
37.0 %
38.0 %
39.0 %
40.0 %
41.0 %
42.0 %
43.0 %
44.0 %
45.0 %
46.0 %
47.0 %
48.0 %
49.0 %
50.0 %
51.0 %
52.0 %
53.0 %
54.0 %
55.0 %
56.0 %
57.0 %
58.0 %
59.0 %
60.0 %
61.0 %
62.0 %
63.0 %
64.0 %
65.0 %
66.0 %
67.0 %
68.0 %
69.0 %
70.0 %
71.0 %
72.0 %
73.0 %
74.0 %
75.0 %
76.0 %
77.0 %
78.0 %
79.0 %
80.0 %
81.0 %
82.0 %
83.0 %
84.0 %
85.0 %
86.0 %
87.0 %
88.0 %
89.0 %
90.0 %
91.0 %
92.0 %
93.0 %
94.0 %
95.0 %
96.0 %
97.0 %
98.0 %
99.0 %
100.0 %
Finished
Total Wood Volume:  14.207846539983064
1 hr Volume:  0
10 hr Volume:  0.0014922205194945158
100 hr Volume:  6.264776946122472
1000 hr Volume:  7.941577373341063
[1.42078465e+01 0.00000000e+00 1.49222052e-03 6.26477695e+00
 7.94157737e+00]
Iteration: 0
Iteration: 1
Iteration: 2
Iteration: 3
Iteration: 4
Iteration: 5
Iteration: 6
1.0 %
2.0 %
3.0 %
4.0 %
5.0 %
6.0 %
7.0 %
8.0 %
9.0 %
10.0 %
11.0 %
12.0 %
13.0 %
14.0 %
15.0 %
16.0 %
17.0 %
18.0 %
19.0 %
20.0 %
21.0 %
22.0 %
23.0 %
24.0 %
25.0 %
26.0 %
27.0 %
28.0 %
29.0 %
30.0 %
31.0 %
32.0 %
33.0 %
34.0 %
35.0 %
36.0 %
37.0 %
38.0 %
39.0 %
40.0 %
41.0 %
42.0 %
43.0 %
44.0 %
45.0 %
46.0 %
47.0 %
48.0 %
49.0 %
50.0 %
51.0 %
52.0 %
53.0 %
54.0 %
55.0 %
56.0 %
57.0 %
58.0 %
59.0 %
60.0 %
61.0 %
62.0 %
63.0 %
64.0 %
65.0 %
66.0 %
67.0 %
68.0 %
69.0 %
70.0 %
71.0 %
72.0 %
73.0 %
74.0 %
75.0 %
76.0 %
77.0 %
78.0 %
79.0 %
80.0 %
81.0 %
82.0 %
83.0 %
84.0 %
85.0 %
86.0 %
87.0 %
88.0 %
89.0 %
90.0 %
91.0 %
92.0 %
93.0 %
94.0 %
95.0 %
96.0 %
97.0 %
98.0 %
99.0 %
100.0 %
Finished
Total Wood Volume:  14.307727132889882
1 hr Volume:  0
10 hr Volume:  0.0014890147801966437
100 hr Volume:  6.239509714006658
1000 hr Volume:  8.06672840410303
[1.43077271e+01 0.00000000e+00 1.48901478e-03 6.23950971e+00
 8.06672840e+00]
Iteration: 0
Iteration: 1
Iteration: 2
Iteration: 3
Iteration: 4
Iteration: 5
Iteration: 6
1.0 %
2.0 %
3.0 %
4.0 %
5.0 %
6.0 %
7.0 %
8.0 %
9.0 %
10.0 %
11.0 %
12.0 %
13.0 %
14.0 %
15.0 %
16.0 %
17.0 %
18.0 %
19.0 %
20.0 %
21.0 %
22.0 %
23.0 %
24.0 %
25.0 %
26.0 %
27.0 %
28.0 %
29.0 %
30.0 %
31.0 %
32.0 %
33.0 %
34.0 %
35.0 %
36.0 %
37.0 %
38.0 %
39.0 %
40.0 %
41.0 %
42.0 %
43.0 %
44.0 %
45.0 %
46.0 %
47.0 %
48.0 %
49.0 %
50.0 %
51.0 %
52.0 %
53.0 %
54.0 %
55.0 %
56.0 %
57.0 %
58.0 %
59.0 %
60.0 %
61.0 %
62.0 %
63.0 %
64.0 %
65.0 %
66.0 %
67.0 %
68.0 %
69.0 %
70.0 %
71.0 %
72.0 %
73.0 %
74.0 %
75.0 %
76.0 %
77.0 %
78.0 %
79.0 %
80.0 %
81.0 %
82.0 %
83.0 %
84.0 %
85.0 %
86.0 %
87.0 %
88.0 %
89.0 %
90.0 %
91.0 %
92.0 %
93.0 %
94.0 %
95.0 %
96.0 %
97.0 %
98.0 %
99.0 %
100.0 %
Finished
Total Wood Volume:  14.348761045235719
1 hr Volume:  0
10 hr Volume:  0.0015636464691799364
100 hr Volume:  6.246338490566461
1000 hr Volume:  8.100858908200003
[1.43487610e+01 0.00000000e+00 1.56364647e-03 6.24633849e+00
 8.10085891e+00]
Iteration: 0
Iteration: 1
Iteration: 2
Iteration: 3
Iteration: 4
Iteration: 5
Iteration: 6
1.0 %
2.0 %
3.0 %
4.0 %
5.0 %
6.0 %
7.0 %
8.0 %
9.0 %
10.0 %
11.0 %
12.0 %
13.0 %
14.0 %
15.0 %
16.0 %
17.0 %
18.0 %
19.0 %
20.0 %
21.0 %
22.0 %
23.0 %
24.0 %
25.0 %
26.0 %
27.0 %
28.0 %
29.0 %
30.0 %
31.0 %
32.0 %
33.0 %
34.0 %
35.0 %
36.0 %
37.0 %
38.0 %
39.0 %
40.0 %
41.0 %
42.0 %
43.0 %
44.0 %
45.0 %
46.0 %
47.0 %
48.0 %
49.0 %
50.0 %
51.0 %
52.0 %
53.0 %
54.0 %
55.0 %
56.0 %
57.0 %
58.0 %
59.0 %
60.0 %
61.0 %
62.0 %
63.0 %
64.0 %
65.0 %
66.0 %
67.0 %
68.0 %
69.0 %
70.0 %
71.0 %
72.0 %
73.0 %
74.0 %
75.0 %
76.0 %
77.0 %
78.0 %
79.0 %
80.0 %
81.0 %
82.0 %
83.0 %
84.0 %
85.0 %
86.0 %
87.0 %
88.0 %
89.0 %
90.0 %
91.0 %
92.0 %
93.0 %
94.0 %
95.0 %
96.0 %
97.0 %
98.0 %
99.0 %
100.0 %
Finished
Total Wood Volume:  14.337781575621468
1 hr Volume:  0
10 hr Volume:  0.0014449727894990493
100 hr Volume:  6.2442995570104864
1000 hr Volume:  8.09203704582148
[1.43377816e+01 0.00000000e+00 1.44497279e-03 6.24429956e+00
 8.09203705e+00]
Iteration: 0
Iteration: 1
Iteration: 2
Iteration: 3
Iteration: 4
Iteration: 5
Iteration: 6
1.0 %
2.0 %
3.0 %
4.0 %
5.0 %
6.0 %
7.0 %
8.0 %
9.0 %
10.0 %
11.0 %
12.0 %
13.0 %
14.0 %
15.0 %
16.0 %
17.0 %
18.0 %
19.0 %
20.0 %
21.0 %
22.0 %
23.0 %
24.0 %
25.0 %
26.0 %
27.0 %
28.0 %
29.0 %
30.0 %
31.0 %
32.0 %
33.0 %
34.0 %
35.0 %
36.0 %
37.0 %
38.0 %
39.0 %
40.0 %
41.0 %
42.0 %
43.0 %
44.0 %
45.0 %
46.0 %
47.0 %
48.0 %
49.0 %
50.0 %
51.0 %
52.0 %
53.0 %
54.0 %
55.0 %
56.0 %
57.0 %
58.0 %
59.0 %
60.0 %
61.0 %
62.0 %
63.0 %
64.0 %
65.0 %
66.0 %
67.0 %
68.0 %
69.0 %
70.0 %
71.0 %
72.0 %
73.0 %
74.0 %
75.0 %
76.0 %
77.0 %
78.0 %
79.0 %
80.0 %
81.0 %
82.0 %
83.0 %
84.0 %
85.0 %
86.0 %
87.0 %
88.0 %
89.0 %
90.0 %
91.0 %
92.0 %
93.0 %
94.0 %
95.0 %
96.0 %
97.0 %
98.0 %
99.0 %
100.0 %
Finished
Total Wood Volume:  14.103708467456237
1 hr Volume:  0
10 hr Volume:  0.0014207020305377063
100 hr Volume:  6.27845307462494
1000 hr Volume:  7.823834690800781
[1.41037085e+01 0.00000000e+00 1.42070203e-03 6.27845307e+00
 7.82383469e+00]
Importing Tree 7iterVD1
Building Octree
Number of triangle: 1163256
Creating Rays
Position of First Lidar Scanner:  [-13.81632566   0.           1.5       ]
Number of rays: 10811403
Processed Ray #: 540570. 5.0%
Processed Ray #: 3783990. 35.0%
Processed Ray #: 6486840. 60.0%
Processed Ray #: 5946270. 55.0%
Processed Ray #: 8649120. 80.0%
Processed Ray #: 2162280. 20.0%
Processed Ray #: 8108550. 75.0%
Processed Ray #: 1621710. 15.0%
Processed Ray #: 4324560. 40.0%
Processed Ray #: 9189690. 85.0%
Processed Ray #: 1081140. 10.0%
Processed Ray #: 9730260. 90.0%
Processed Ray #: 5405700. 50.0%
Processed Ray #: 7567980. 70.0%
Processed Ray #: 7027410. 65.0%
Processed Ray #: 10811400. 100.0%
Processed Ray #: 2702850. 25.0%
Processed Ray #: 3243420. 30.0%
Processed Ray #: 4865130. 45.0%
Processed Ray #: 10270830. 95.0%
Starting Ray Tracing
Finished Ray Tracing
Elapsed Time: 95634.1352288723 seconds
Elapsed Time: 1593.9022538145384 minutes
Number of intersections: 1540223
Importing Tree 7iterVD2
Building Octree
Number of triangle: 1163256
Creating Rays
Position of First Lidar Scanner:  [-15.50912461   0.           1.5       ]
Number of rays: 10811403
Processed Ray #: 2702850. 25.0%
Processed Ray #: 4324560. 40.0%
Processed Ray #: 5946270. 55.0%
Processed Ray #: 9189690. 85.0%
Processed Ray #: 4865130. 45.0%
Processed Ray #: 8649120. 80.0%
Processed Ray #: 2162280. 20.0%
Processed Ray #: 1081140. 10.0%
Processed Ray #: 6486840. 60.0%
Processed Ray #: 540570. 5.0%
Processed Ray #: 3243420. 30.0%
Processed Ray #: 9730260. 90.0%
Processed Ray #: 7567980. 70.0%
Processed Ray #: 8108550. 75.0%
Processed Ray #: 3783990. 35.0%
Processed Ray #: 5405700. 50.0%
Processed Ray #: 7027410. 65.0%
Processed Ray #: 1621710. 15.0%
Processed Ray #: 10270830. 95.0%
Processed Ray #: 10811400. 100.0%
Starting Ray Tracing
Finished Ray Tracing
Elapsed Time: 95789.05874228477 seconds
Elapsed Time: 1596.484312371413 minutes
Number of intersections: 1180450
Importing Tree 7iterVD3
Building Octree
Number of triangle: 1163256
Creating Rays
Position of First Lidar Scanner:  [-14.95580717   0.           1.5       ]
Number of rays: 10811403
